[nltk_data] Downloading package punkt to /Users/nehan/nltk_data...
[nltk_data]   Package punkt is already up-to-date!
Error fetching https://segment.com/docs/connections/sources/: 403 Client Error: Forbidden for url: https://segment.com/docs/connections/sources/
Error fetching https://segment.com/docs/connections/destinations/: 403 Client Error: Forbidden for url: https://segment.com/docs/connections/destinations/
Error fetching https://segment.com/docs/protocols/tracking-api/: 403 Client Error: Forbidden for url: https://segment.com/docs/protocols/tracking-api/
Traceback (most recent call last):
  File "app.py", line 83, in <module>
    chunks = chunk_text(cleaned_text)
  File "app.py", line 34, in chunk_text
    sentences = nltk.sent_tokenize(text)
  File "/Users/nehan/Desktop/CDP_Chatbot_Project/venv/lib/python3.8/site-packages/nltk/tokenize/__init__.py", line 119, in sent_tokenize
    tokenizer = _get_punkt_tokenizer(language)
  File "/Users/nehan/Desktop/CDP_Chatbot_Project/venv/lib/python3.8/site-packages/nltk/tokenize/__init__.py", line 105, in _get_punkt_tokenizer
    return PunktTokenizer(language)
  File "/Users/nehan/Desktop/CDP_Chatbot_Project/venv/lib/python3.8/site-packages/nltk/tokenize/punkt.py", line 1744, in __init__
    self.load_lang(lang)
  File "/Users/nehan/Desktop/CDP_Chatbot_Project/venv/lib/python3.8/site-packages/nltk/tokenize/punkt.py", line 1749, in load_lang
    lang_dir = find(f"tokenizers/punkt_tab/{lang}/")
  File "/Users/nehan/Desktop/CDP_Chatbot_Project/venv/lib/python3.8/site-packages/nltk/data.py", line 579, in find
    raise LookupError(resource_not_found)
LookupError: 
**********************************************************************
  Resource [93mpunkt_tab[0m not found.
  Please use the NLTK Downloader to obtain the resource:

  [31m>>> import nltk
  >>> nltk.download('punkt_tab')
  [0m
  For more information see: https://www.nltk.org/data.html

  Attempted to load [93mtokenizers/punkt_tab/english/[0m

  Searched in:
    - '/Users/nehan/nltk_data'
    - '/Users/nehan/nltk_data'
    - '/Users/nehan/Desktop/CDP_Chatbot_Project/venv/nltk_data'
    - '/Users/nehan/Desktop/CDP_Chatbot_Project/venv/share/nltk_data'
    - '/Users/nehan/Desktop/CDP_Chatbot_Project/venv/lib/nltk_data'
    - '/usr/share/nltk_data'
    - '/usr/local/share/nltk_data'
    - '/usr/lib/nltk_data'
    - '/usr/local/lib/nltk_data'
**********************************************************************

